[2026-01-28T17:05:03.891+0000] {local_task_job_runner.py:120} INFO - ::group::Pre task execution logs
[2026-01-28T17:05:03.922+0000] {taskinstance.py:2076} INFO - Dependencies all met for dep_context=non-requeueable deps ti=<TaskInstance: fluview_weekly_etl.wait_for_raw manual__2026-01-28T17:05:03.233627+00:00 [queued]>
[2026-01-28T17:05:03.930+0000] {taskinstance.py:2076} INFO - Dependencies all met for dep_context=requeueable deps ti=<TaskInstance: fluview_weekly_etl.wait_for_raw manual__2026-01-28T17:05:03.233627+00:00 [queued]>
[2026-01-28T17:05:03.931+0000] {taskinstance.py:2306} INFO - Starting attempt 1 of 2
[2026-01-28T17:05:03.946+0000] {taskinstance.py:2330} INFO - Executing <Task(FileSensor): wait_for_raw> on 2026-01-28 17:05:03.233627+00:00
[2026-01-28T17:05:03.951+0000] {standard_task_runner.py:64} INFO - Started process 1833 to run task
[2026-01-28T17:05:03.954+0000] {standard_task_runner.py:90} INFO - Running: ['***', 'tasks', 'run', 'fluview_weekly_etl', 'wait_for_raw', 'manual__2026-01-28T17:05:03.233627+00:00', '--job-id', '44', '--raw', '--subdir', 'DAGS_FOLDER/fluview_weekly_etl.py', '--cfg-path', '/tmp/tmpfl0mb9ca']
[2026-01-28T17:05:03.957+0000] {standard_task_runner.py:91} INFO - Job 44: Subtask wait_for_raw
[2026-01-28T17:05:04.023+0000] {task_command.py:426} INFO - Running <TaskInstance: fluview_weekly_etl.wait_for_raw manual__2026-01-28T17:05:03.233627+00:00 [running]> on host b033199fcba4
[2026-01-28T17:05:04.113+0000] {taskinstance.py:2648} INFO - Exporting env vars: AIRFLOW_CTX_DAG_OWNER='***' AIRFLOW_CTX_DAG_ID='fluview_weekly_etl' AIRFLOW_CTX_TASK_ID='wait_for_raw' AIRFLOW_CTX_EXECUTION_DATE='2026-01-28T17:05:03.233627+00:00' AIRFLOW_CTX_TRY_NUMBER='1' AIRFLOW_CTX_DAG_RUN_ID='manual__2026-01-28T17:05:03.233627+00:00'
[2026-01-28T17:05:04.114+0000] {taskinstance.py:430} INFO - ::endgroup::
[2026-01-28T17:05:04.126+0000] {baseoperator.py:400} WARNING - FileSensor.execute cannot be called outside TaskInstance!
[2026-01-28T17:05:04.293+0000] {logging_mixin.py:188} WARNING - /home/***/.local/lib/python3.11/site-packages/***/models/connection.py:369 RemovedInAirflow3Warning: Encountered non-JSON in `extra` field for connection 'fs_default'. Support for non-JSON `extra` will be removed in Airflow 3.0
[2026-01-28T17:05:04.294+0000] {connection.py:482} ERROR - Failed parsing the json for conn_id fs_default
Traceback (most recent call last):
  File "/home/airflow/.local/lib/python3.11/site-packages/airflow/models/connection.py", line 479, in extra_dejson
    obj = json.loads(self.extra)
          ^^^^^^^^^^^^^^^^^^^^^^
  File "/usr/local/lib/python3.11/json/__init__.py", line 346, in loads
    return _default_decoder.decode(s)
           ^^^^^^^^^^^^^^^^^^^^^^^^^^
  File "/usr/local/lib/python3.11/json/decoder.py", line 337, in decode
    obj, end = self.raw_decode(s, idx=_w(s, 0).end())
               ^^^^^^^^^^^^^^^^^^^^^^^^^^^^^^^^^^^^^^
  File "/usr/local/lib/python3.11/json/decoder.py", line 353, in raw_decode
    obj, end = self.scan_once(s, idx)
               ^^^^^^^^^^^^^^^^^^^^^^
json.decoder.JSONDecodeError: Expecting property name enclosed in double quotes: line 1 column 2 (char 1)
[2026-01-28T17:05:04.296+0000] {base.py:84} INFO - Using connection ID 'fs_default' for task execution.
[2026-01-28T17:05:04.297+0000] {connection.py:482} ERROR - Failed parsing the json for conn_id fs_default
Traceback (most recent call last):
  File "/home/airflow/.local/lib/python3.11/site-packages/airflow/models/connection.py", line 479, in extra_dejson
    obj = json.loads(self.extra)
          ^^^^^^^^^^^^^^^^^^^^^^
  File "/usr/local/lib/python3.11/json/__init__.py", line 346, in loads
    return _default_decoder.decode(s)
           ^^^^^^^^^^^^^^^^^^^^^^^^^^
  File "/usr/local/lib/python3.11/json/decoder.py", line 337, in decode
    obj, end = self.raw_decode(s, idx=_w(s, 0).end())
               ^^^^^^^^^^^^^^^^^^^^^^^^^^^^^^^^^^^^^^
  File "/usr/local/lib/python3.11/json/decoder.py", line 353, in raw_decode
    obj, end = self.scan_once(s, idx)
               ^^^^^^^^^^^^^^^^^^^^^^
json.decoder.JSONDecodeError: Expecting property name enclosed in double quotes: line 1 column 2 (char 1)
[2026-01-28T17:05:04.298+0000] {filesystem.py:85} INFO - Poking for file /opt/***/data/raw/fluview/ingest_date=2026-01-28/_SUCCESS
[2026-01-28T17:05:04.309+0000] {filesystem.py:89} INFO - Found File /opt/***/data/raw/fluview/ingest_date=2026-01-28/_SUCCESS last modified: 20260128170440
[2026-01-28T17:05:04.310+0000] {base.py:294} INFO - Success criteria met. Exiting.
[2026-01-28T17:05:04.310+0000] {filesystem.py:85} INFO - Poking for file /opt/***/data/raw/fluview/ingest_date=2026-01-28/_SUCCESS
[2026-01-28T17:05:04.319+0000] {filesystem.py:89} INFO - Found File /opt/***/data/raw/fluview/ingest_date=2026-01-28/_SUCCESS last modified: 20260128170440
[2026-01-28T17:05:04.319+0000] {taskinstance.py:441} INFO - ::group::Post task execution logs
[2026-01-28T17:05:04.331+0000] {taskinstance.py:1206} INFO - Marking task as SUCCESS. dag_id=fluview_weekly_etl, task_id=wait_for_raw, run_id=manual__2026-01-28T17:05:03.233627+00:00, execution_date=20260128T170503, start_date=20260128T170503, end_date=20260128T170504
[2026-01-28T17:05:04.370+0000] {local_task_job_runner.py:243} INFO - Task exited with return code 0
[2026-01-28T17:05:04.397+0000] {taskinstance.py:3503} INFO - 1 downstream tasks scheduled from follow-on schedule check
[2026-01-28T17:05:04.403+0000] {local_task_job_runner.py:222} INFO - ::endgroup::
