[2026-01-28T16:42:36.948+0000] {local_task_job_runner.py:120} INFO - ::group::Pre task execution logs
[2026-01-28T16:42:37.083+0000] {taskinstance.py:2076} INFO - Dependencies all met for dep_context=non-requeueable deps ti=<TaskInstance: fluview_weekly_etl.wait_for_raw manual__2026-01-28T16:42:36.023414+00:00 [queued]>
[2026-01-28T16:42:37.092+0000] {taskinstance.py:2076} INFO - Dependencies all met for dep_context=requeueable deps ti=<TaskInstance: fluview_weekly_etl.wait_for_raw manual__2026-01-28T16:42:36.023414+00:00 [queued]>
[2026-01-28T16:42:37.093+0000] {taskinstance.py:2306} INFO - Starting attempt 1 of 2
[2026-01-28T16:42:37.116+0000] {taskinstance.py:2330} INFO - Executing <Task(FileSensor): wait_for_raw> on 2026-01-28 16:42:36.023414+00:00
[2026-01-28T16:42:37.123+0000] {standard_task_runner.py:64} INFO - Started process 1253 to run task
[2026-01-28T16:42:37.126+0000] {standard_task_runner.py:90} INFO - Running: ['***', 'tasks', 'run', 'fluview_weekly_etl', 'wait_for_raw', 'manual__2026-01-28T16:42:36.023414+00:00', '--job-id', '39', '--raw', '--subdir', 'DAGS_FOLDER/fluview_weekly_etl.py', '--cfg-path', '/tmp/tmp71usuqui']
[2026-01-28T16:42:37.128+0000] {standard_task_runner.py:91} INFO - Job 39: Subtask wait_for_raw
[2026-01-28T16:42:37.193+0000] {task_command.py:426} INFO - Running <TaskInstance: fluview_weekly_etl.wait_for_raw manual__2026-01-28T16:42:36.023414+00:00 [running]> on host b033199fcba4
[2026-01-28T16:42:37.302+0000] {taskinstance.py:2648} INFO - Exporting env vars: AIRFLOW_CTX_DAG_OWNER='***' AIRFLOW_CTX_DAG_ID='fluview_weekly_etl' AIRFLOW_CTX_TASK_ID='wait_for_raw' AIRFLOW_CTX_EXECUTION_DATE='2026-01-28T16:42:36.023414+00:00' AIRFLOW_CTX_TRY_NUMBER='1' AIRFLOW_CTX_DAG_RUN_ID='manual__2026-01-28T16:42:36.023414+00:00'
[2026-01-28T16:42:37.304+0000] {taskinstance.py:430} INFO - ::endgroup::
[2026-01-28T16:42:37.347+0000] {baseoperator.py:400} WARNING - FileSensor.execute cannot be called outside TaskInstance!
[2026-01-28T16:42:38.291+0000] {logging_mixin.py:188} WARNING - /home/***/.local/lib/python3.11/site-packages/***/models/connection.py:369 RemovedInAirflow3Warning: Encountered non-JSON in `extra` field for connection 'fs_default'. Support for non-JSON `extra` will be removed in Airflow 3.0
[2026-01-28T16:42:38.292+0000] {connection.py:482} ERROR - Failed parsing the json for conn_id fs_default
Traceback (most recent call last):
  File "/home/airflow/.local/lib/python3.11/site-packages/airflow/models/connection.py", line 479, in extra_dejson
    obj = json.loads(self.extra)
          ^^^^^^^^^^^^^^^^^^^^^^
  File "/usr/local/lib/python3.11/json/__init__.py", line 346, in loads
    return _default_decoder.decode(s)
           ^^^^^^^^^^^^^^^^^^^^^^^^^^
  File "/usr/local/lib/python3.11/json/decoder.py", line 337, in decode
    obj, end = self.raw_decode(s, idx=_w(s, 0).end())
               ^^^^^^^^^^^^^^^^^^^^^^^^^^^^^^^^^^^^^^
  File "/usr/local/lib/python3.11/json/decoder.py", line 353, in raw_decode
    obj, end = self.scan_once(s, idx)
               ^^^^^^^^^^^^^^^^^^^^^^
json.decoder.JSONDecodeError: Expecting property name enclosed in double quotes: line 1 column 2 (char 1)
[2026-01-28T16:42:38.298+0000] {base.py:84} INFO - Using connection ID 'fs_default' for task execution.
[2026-01-28T16:42:38.299+0000] {connection.py:482} ERROR - Failed parsing the json for conn_id fs_default
Traceback (most recent call last):
  File "/home/airflow/.local/lib/python3.11/site-packages/airflow/models/connection.py", line 479, in extra_dejson
    obj = json.loads(self.extra)
          ^^^^^^^^^^^^^^^^^^^^^^
  File "/usr/local/lib/python3.11/json/__init__.py", line 346, in loads
    return _default_decoder.decode(s)
           ^^^^^^^^^^^^^^^^^^^^^^^^^^
  File "/usr/local/lib/python3.11/json/decoder.py", line 337, in decode
    obj, end = self.raw_decode(s, idx=_w(s, 0).end())
               ^^^^^^^^^^^^^^^^^^^^^^^^^^^^^^^^^^^^^^
  File "/usr/local/lib/python3.11/json/decoder.py", line 353, in raw_decode
    obj, end = self.scan_once(s, idx)
               ^^^^^^^^^^^^^^^^^^^^^^
json.decoder.JSONDecodeError: Expecting property name enclosed in double quotes: line 1 column 2 (char 1)
[2026-01-28T16:42:38.300+0000] {filesystem.py:85} INFO - Poking for file /opt/***/data/raw/fluview/ingest_date=2026-01-28/_SUCCESS
[2026-01-28T16:43:08.261+0000] {filesystem.py:85} INFO - Poking for file /opt/***/data/raw/fluview/ingest_date=2026-01-28/_SUCCESS
[2026-01-28T16:43:38.225+0000] {filesystem.py:85} INFO - Poking for file /opt/***/data/raw/fluview/ingest_date=2026-01-28/_SUCCESS
[2026-01-28T16:44:08.192+0000] {filesystem.py:85} INFO - Poking for file /opt/***/data/raw/fluview/ingest_date=2026-01-28/_SUCCESS
[2026-01-28T16:44:38.160+0000] {filesystem.py:85} INFO - Poking for file /opt/***/data/raw/fluview/ingest_date=2026-01-28/_SUCCESS
[2026-01-28T16:45:08.119+0000] {filesystem.py:85} INFO - Poking for file /opt/***/data/raw/fluview/ingest_date=2026-01-28/_SUCCESS
[2026-01-28T16:45:38.092+0000] {filesystem.py:85} INFO - Poking for file /opt/***/data/raw/fluview/ingest_date=2026-01-28/_SUCCESS
[2026-01-28T16:46:08.057+0000] {filesystem.py:85} INFO - Poking for file /opt/***/data/raw/fluview/ingest_date=2026-01-28/_SUCCESS
[2026-01-28T16:46:38.025+0000] {filesystem.py:85} INFO - Poking for file /opt/***/data/raw/fluview/ingest_date=2026-01-28/_SUCCESS
[2026-01-28T16:47:07.990+0000] {filesystem.py:85} INFO - Poking for file /opt/***/data/raw/fluview/ingest_date=2026-01-28/_SUCCESS
[2026-01-28T16:47:37.965+0000] {filesystem.py:85} INFO - Poking for file /opt/***/data/raw/fluview/ingest_date=2026-01-28/_SUCCESS
[2026-01-28T16:51:16.428+0000] {filesystem.py:85} INFO - Poking for file /opt/***/data/raw/fluview/ingest_date=2026-01-28/_SUCCESS
[2026-01-28T16:51:46.398+0000] {filesystem.py:85} INFO - Poking for file /opt/***/data/raw/fluview/ingest_date=2026-01-28/_SUCCESS
[2026-01-28T16:52:16.361+0000] {filesystem.py:85} INFO - Poking for file /opt/***/data/raw/fluview/ingest_date=2026-01-28/_SUCCESS
[2026-01-28T16:52:46.326+0000] {filesystem.py:85} INFO - Poking for file /opt/***/data/raw/fluview/ingest_date=2026-01-28/_SUCCESS
[2026-01-28T16:53:16.292+0000] {filesystem.py:85} INFO - Poking for file /opt/***/data/raw/fluview/ingest_date=2026-01-28/_SUCCESS
[2026-01-28T16:53:46.254+0000] {filesystem.py:85} INFO - Poking for file /opt/***/data/raw/fluview/ingest_date=2026-01-28/_SUCCESS
[2026-01-28T16:54:16.226+0000] {filesystem.py:85} INFO - Poking for file /opt/***/data/raw/fluview/ingest_date=2026-01-28/_SUCCESS
[2026-01-28T16:54:46.195+0000] {filesystem.py:85} INFO - Poking for file /opt/***/data/raw/fluview/ingest_date=2026-01-28/_SUCCESS
[2026-01-28T16:55:16.153+0000] {filesystem.py:85} INFO - Poking for file /opt/***/data/raw/fluview/ingest_date=2026-01-28/_SUCCESS
[2026-01-28T16:55:46.116+0000] {filesystem.py:85} INFO - Poking for file /opt/***/data/raw/fluview/ingest_date=2026-01-28/_SUCCESS
[2026-01-28T16:56:16.087+0000] {filesystem.py:85} INFO - Poking for file /opt/***/data/raw/fluview/ingest_date=2026-01-28/_SUCCESS
[2026-01-28T16:56:31.093+0000] {local_task_job_runner.py:313} WARNING - State of this instance has been externally set to failed. Terminating instance.
[2026-01-28T16:56:31.094+0000] {local_task_job_runner.py:222} INFO - ::endgroup::
[2026-01-28T16:56:31.101+0000] {process_utils.py:132} INFO - Sending 15 to group 1253. PIDs of all processes in the group: [1253]
[2026-01-28T16:56:31.101+0000] {process_utils.py:87} INFO - Sending the signal 15 to group 1253
[2026-01-28T16:56:31.102+0000] {taskinstance.py:2611} ERROR - Received SIGTERM. Terminating subprocesses.
[2026-01-28T16:56:31.103+0000] {taskinstance.py:441} INFO - ::group::Post task execution logs
[2026-01-28T16:56:31.154+0000] {process_utils.py:80} INFO - Process psutil.Process(pid=1253, status='terminated', exitcode=0, started='16:42:37') (1253) terminated with exit code 0
