[2026-01-28T16:13:59.073+0000] {local_task_job_runner.py:120} INFO - ::group::Pre task execution logs
[2026-01-28T16:13:59.111+0000] {taskinstance.py:2076} INFO - Dependencies all met for dep_context=non-requeueable deps ti=<TaskInstance: fluview_weekly_etl.wait_for_raw manual__2026-01-28T16:13:58.347910+00:00 [queued]>
[2026-01-28T16:13:59.120+0000] {taskinstance.py:2076} INFO - Dependencies all met for dep_context=requeueable deps ti=<TaskInstance: fluview_weekly_etl.wait_for_raw manual__2026-01-28T16:13:58.347910+00:00 [queued]>
[2026-01-28T16:13:59.127+0000] {taskinstance.py:2306} INFO - Starting attempt 1 of 2
[2026-01-28T16:13:59.144+0000] {taskinstance.py:2330} INFO - Executing <Task(FileSensor): wait_for_raw> on 2026-01-28 16:13:58.347910+00:00
[2026-01-28T16:13:59.149+0000] {standard_task_runner.py:64} INFO - Started process 401 to run task
[2026-01-28T16:13:59.154+0000] {standard_task_runner.py:90} INFO - Running: ['***', 'tasks', 'run', 'fluview_weekly_etl', 'wait_for_raw', 'manual__2026-01-28T16:13:58.347910+00:00', '--job-id', '38', '--raw', '--subdir', 'DAGS_FOLDER/fluview_weekly_etl.py', '--cfg-path', '/tmp/tmp7n444no1']
[2026-01-28T16:13:59.159+0000] {standard_task_runner.py:91} INFO - Job 38: Subtask wait_for_raw
[2026-01-28T16:13:59.245+0000] {task_command.py:426} INFO - Running <TaskInstance: fluview_weekly_etl.wait_for_raw manual__2026-01-28T16:13:58.347910+00:00 [running]> on host b033199fcba4
[2026-01-28T16:13:59.341+0000] {taskinstance.py:2648} INFO - Exporting env vars: AIRFLOW_CTX_DAG_OWNER='***' AIRFLOW_CTX_DAG_ID='fluview_weekly_etl' AIRFLOW_CTX_TASK_ID='wait_for_raw' AIRFLOW_CTX_EXECUTION_DATE='2026-01-28T16:13:58.347910+00:00' AIRFLOW_CTX_TRY_NUMBER='1' AIRFLOW_CTX_DAG_RUN_ID='manual__2026-01-28T16:13:58.347910+00:00'
[2026-01-28T16:13:59.343+0000] {taskinstance.py:430} INFO - ::endgroup::
[2026-01-28T16:13:59.357+0000] {baseoperator.py:400} WARNING - FileSensor.execute cannot be called outside TaskInstance!
[2026-01-28T16:13:59.548+0000] {logging_mixin.py:188} WARNING - /home/***/.local/lib/python3.11/site-packages/***/models/connection.py:369 RemovedInAirflow3Warning: Encountered non-JSON in `extra` field for connection 'fs_default'. Support for non-JSON `extra` will be removed in Airflow 3.0
[2026-01-28T16:13:59.549+0000] {connection.py:482} ERROR - Failed parsing the json for conn_id fs_default
Traceback (most recent call last):
  File "/home/airflow/.local/lib/python3.11/site-packages/airflow/models/connection.py", line 479, in extra_dejson
    obj = json.loads(self.extra)
          ^^^^^^^^^^^^^^^^^^^^^^
  File "/usr/local/lib/python3.11/json/__init__.py", line 346, in loads
    return _default_decoder.decode(s)
           ^^^^^^^^^^^^^^^^^^^^^^^^^^
  File "/usr/local/lib/python3.11/json/decoder.py", line 337, in decode
    obj, end = self.raw_decode(s, idx=_w(s, 0).end())
               ^^^^^^^^^^^^^^^^^^^^^^^^^^^^^^^^^^^^^^
  File "/usr/local/lib/python3.11/json/decoder.py", line 353, in raw_decode
    obj, end = self.scan_once(s, idx)
               ^^^^^^^^^^^^^^^^^^^^^^
json.decoder.JSONDecodeError: Expecting property name enclosed in double quotes: line 1 column 2 (char 1)
[2026-01-28T16:13:59.555+0000] {base.py:84} INFO - Using connection ID 'fs_default' for task execution.
[2026-01-28T16:13:59.555+0000] {connection.py:482} ERROR - Failed parsing the json for conn_id fs_default
Traceback (most recent call last):
  File "/home/airflow/.local/lib/python3.11/site-packages/airflow/models/connection.py", line 479, in extra_dejson
    obj = json.loads(self.extra)
          ^^^^^^^^^^^^^^^^^^^^^^
  File "/usr/local/lib/python3.11/json/__init__.py", line 346, in loads
    return _default_decoder.decode(s)
           ^^^^^^^^^^^^^^^^^^^^^^^^^^
  File "/usr/local/lib/python3.11/json/decoder.py", line 337, in decode
    obj, end = self.raw_decode(s, idx=_w(s, 0).end())
               ^^^^^^^^^^^^^^^^^^^^^^^^^^^^^^^^^^^^^^
  File "/usr/local/lib/python3.11/json/decoder.py", line 353, in raw_decode
    obj, end = self.scan_once(s, idx)
               ^^^^^^^^^^^^^^^^^^^^^^
json.decoder.JSONDecodeError: Expecting property name enclosed in double quotes: line 1 column 2 (char 1)
[2026-01-28T16:13:59.556+0000] {filesystem.py:85} INFO - Poking for file /opt/***/data/raw/fluview/ingest_date=2026-01-28/_SUCCESS
[2026-01-28T16:14:29.529+0000] {filesystem.py:85} INFO - Poking for file /opt/***/data/raw/fluview/ingest_date=2026-01-28/_SUCCESS
[2026-01-28T16:14:59.503+0000] {filesystem.py:85} INFO - Poking for file /opt/***/data/raw/fluview/ingest_date=2026-01-28/_SUCCESS
[2026-01-28T16:15:29.468+0000] {filesystem.py:85} INFO - Poking for file /opt/***/data/raw/fluview/ingest_date=2026-01-28/_SUCCESS
[2026-01-28T16:15:59.430+0000] {filesystem.py:85} INFO - Poking for file /opt/***/data/raw/fluview/ingest_date=2026-01-28/_SUCCESS
[2026-01-28T16:16:29.399+0000] {filesystem.py:85} INFO - Poking for file /opt/***/data/raw/fluview/ingest_date=2026-01-28/_SUCCESS
[2026-01-28T16:16:59.355+0000] {filesystem.py:85} INFO - Poking for file /opt/***/data/raw/fluview/ingest_date=2026-01-28/_SUCCESS
[2026-01-28T16:17:29.330+0000] {filesystem.py:85} INFO - Poking for file /opt/***/data/raw/fluview/ingest_date=2026-01-28/_SUCCESS
[2026-01-28T16:17:59.297+0000] {filesystem.py:85} INFO - Poking for file /opt/***/data/raw/fluview/ingest_date=2026-01-28/_SUCCESS
[2026-01-28T16:18:29.266+0000] {filesystem.py:85} INFO - Poking for file /opt/***/data/raw/fluview/ingest_date=2026-01-28/_SUCCESS
[2026-01-28T16:18:59.232+0000] {filesystem.py:85} INFO - Poking for file /opt/***/data/raw/fluview/ingest_date=2026-01-28/_SUCCESS
[2026-01-28T16:19:29.206+0000] {filesystem.py:85} INFO - Poking for file /opt/***/data/raw/fluview/ingest_date=2026-01-28/_SUCCESS
[2026-01-28T16:19:59.169+0000] {filesystem.py:85} INFO - Poking for file /opt/***/data/raw/fluview/ingest_date=2026-01-28/_SUCCESS
[2026-01-28T16:20:29.134+0000] {filesystem.py:85} INFO - Poking for file /opt/***/data/raw/fluview/ingest_date=2026-01-28/_SUCCESS
[2026-01-28T16:20:59.103+0000] {filesystem.py:85} INFO - Poking for file /opt/***/data/raw/fluview/ingest_date=2026-01-28/_SUCCESS
[2026-01-28T16:21:29.072+0000] {filesystem.py:85} INFO - Poking for file /opt/***/data/raw/fluview/ingest_date=2026-01-28/_SUCCESS
[2026-01-28T16:21:59.041+0000] {filesystem.py:85} INFO - Poking for file /opt/***/data/raw/fluview/ingest_date=2026-01-28/_SUCCESS
[2026-01-28T16:22:29.007+0000] {filesystem.py:85} INFO - Poking for file /opt/***/data/raw/fluview/ingest_date=2026-01-28/_SUCCESS
[2026-01-28T16:22:58.975+0000] {filesystem.py:85} INFO - Poking for file /opt/***/data/raw/fluview/ingest_date=2026-01-28/_SUCCESS
[2026-01-28T16:23:28.944+0000] {filesystem.py:85} INFO - Poking for file /opt/***/data/raw/fluview/ingest_date=2026-01-28/_SUCCESS
[2026-01-28T16:23:58.912+0000] {filesystem.py:85} INFO - Poking for file /opt/***/data/raw/fluview/ingest_date=2026-01-28/_SUCCESS
[2026-01-28T16:24:28.883+0000] {filesystem.py:85} INFO - Poking for file /opt/***/data/raw/fluview/ingest_date=2026-01-28/_SUCCESS
[2026-01-28T16:24:58.852+0000] {filesystem.py:85} INFO - Poking for file /opt/***/data/raw/fluview/ingest_date=2026-01-28/_SUCCESS
[2026-01-28T16:25:28.823+0000] {filesystem.py:85} INFO - Poking for file /opt/***/data/raw/fluview/ingest_date=2026-01-28/_SUCCESS
[2026-01-28T16:25:58.787+0000] {filesystem.py:85} INFO - Poking for file /opt/***/data/raw/fluview/ingest_date=2026-01-28/_SUCCESS
[2026-01-28T16:26:28.755+0000] {filesystem.py:85} INFO - Poking for file /opt/***/data/raw/fluview/ingest_date=2026-01-28/_SUCCESS
[2026-01-28T16:26:58.725+0000] {filesystem.py:85} INFO - Poking for file /opt/***/data/raw/fluview/ingest_date=2026-01-28/_SUCCESS
[2026-01-28T16:27:28.693+0000] {filesystem.py:85} INFO - Poking for file /opt/***/data/raw/fluview/ingest_date=2026-01-28/_SUCCESS
[2026-01-28T16:27:58.662+0000] {filesystem.py:85} INFO - Poking for file /opt/***/data/raw/fluview/ingest_date=2026-01-28/_SUCCESS
[2026-01-28T16:28:28.620+0000] {filesystem.py:85} INFO - Poking for file /opt/***/data/raw/fluview/ingest_date=2026-01-28/_SUCCESS
[2026-01-28T16:28:58.586+0000] {filesystem.py:85} INFO - Poking for file /opt/***/data/raw/fluview/ingest_date=2026-01-28/_SUCCESS
[2026-01-28T16:28:58.591+0000] {taskinstance.py:441} INFO - ::group::Post task execution logs
[2026-01-28T16:28:58.592+0000] {taskinstance.py:2905} ERROR - Task failed with exception
Traceback (most recent call last):
  File "/home/airflow/.local/lib/python3.11/site-packages/airflow/models/taskinstance.py", line 465, in _execute_task
    result = _execute_callable(context=context, **execute_callable_kwargs)
             ^^^^^^^^^^^^^^^^^^^^^^^^^^^^^^^^^^^^^^^^^^^^^^^^^^^^^^^^^^^^^
  File "/home/airflow/.local/lib/python3.11/site-packages/airflow/models/taskinstance.py", line 432, in _execute_callable
    return execute_callable(context=context, **execute_callable_kwargs)
           ^^^^^^^^^^^^^^^^^^^^^^^^^^^^^^^^^^^^^^^^^^^^^^^^^^^^^^^^^^^^
  File "/home/airflow/.local/lib/python3.11/site-packages/airflow/models/baseoperator.py", line 401, in wrapper
    return func(self, *args, **kwargs)
           ^^^^^^^^^^^^^^^^^^^^^^^^^^^
  File "/home/airflow/.local/lib/python3.11/site-packages/airflow/sensors/filesystem.py", line 99, in execute
    super().execute(context=context)
  File "/home/airflow/.local/lib/python3.11/site-packages/airflow/models/baseoperator.py", line 401, in wrapper
    return func(self, *args, **kwargs)
           ^^^^^^^^^^^^^^^^^^^^^^^^^^^
  File "/home/airflow/.local/lib/python3.11/site-packages/airflow/sensors/base.py", line 281, in execute
    raise AirflowSensorTimeout(message)
airflow.exceptions.AirflowSensorTimeout: Sensor has timed out; run duration of 900.3730533269991 seconds exceeds the specified timeout of 900.0.
[2026-01-28T16:28:58.610+0000] {taskinstance.py:1206} INFO - Immediate failure requested. Marking task as FAILED. dag_id=fluview_weekly_etl, task_id=wait_for_raw, run_id=manual__2026-01-28T16:13:58.347910+00:00, execution_date=20260128T161358, start_date=20260128T161359, end_date=20260128T162858
[2026-01-28T16:28:58.633+0000] {standard_task_runner.py:110} ERROR - Failed to execute job 38 for task wait_for_raw (Sensor has timed out; run duration of 900.3730533269991 seconds exceeds the specified timeout of 900.0.; 401)
[2026-01-28T16:28:58.670+0000] {local_task_job_runner.py:243} INFO - Task exited with return code 1
[2026-01-28T16:28:58.681+0000] {local_task_job_runner.py:222} INFO - ::endgroup::
